{"total": {"lines":{"total":639,"covered":564,"skipped":0,"pct":88.26},"statements":{"total":639,"covered":564,"skipped":0,"pct":88.26},"functions":{"total":53,"covered":50,"skipped":0,"pct":94.33},"branches":{"total":219,"covered":158,"skipped":0,"pct":72.14},"branchesTrue":{"total":0,"covered":0,"skipped":0,"pct":100}}
,"/Users/kid/bu-country/browser-sdk/src/client.ts": {"lines":{"total":13,"covered":13,"skipped":0,"pct":100},"functions":{"total":2,"covered":1,"skipped":0,"pct":50},"statements":{"total":13,"covered":13,"skipped":0,"pct":100},"branches":{"total":5,"covered":3,"skipped":0,"pct":60}}
,"/Users/kid/bu-country/browser-sdk/src/errors.ts": {"lines":{"total":79,"covered":66,"skipped":0,"pct":83.54},"functions":{"total":4,"covered":4,"skipped":0,"pct":100},"statements":{"total":79,"covered":66,"skipped":0,"pct":83.54},"branches":{"total":9,"covered":4,"skipped":0,"pct":44.44}}
,"/Users/kid/bu-country/browser-sdk/src/catalogue/client.ts": {"lines":{"total":107,"covered":94,"skipped":0,"pct":87.85},"functions":{"total":9,"covered":9,"skipped":0,"pct":100},"statements":{"total":107,"covered":94,"skipped":0,"pct":87.85},"branches":{"total":32,"covered":19,"skipped":0,"pct":59.37}}
,"/Users/kid/bu-country/browser-sdk/src/checkout/client.ts": {"lines":{"total":46,"covered":39,"skipped":0,"pct":84.78},"functions":{"total":7,"covered":6,"skipped":0,"pct":85.71},"statements":{"total":46,"covered":39,"skipped":0,"pct":84.78},"branches":{"total":16,"covered":11,"skipped":0,"pct":68.75}}
,"/Users/kid/bu-country/browser-sdk/src/checkout/validation.ts": {"lines":{"total":151,"covered":131,"skipped":0,"pct":86.75},"functions":{"total":7,"covered":7,"skipped":0,"pct":100},"statements":{"total":151,"covered":131,"skipped":0,"pct":86.75},"branches":{"total":44,"covered":28,"skipped":0,"pct":63.63}}
,"/Users/kid/bu-country/browser-sdk/src/core/config.ts": {"lines":{"total":31,"covered":25,"skipped":0,"pct":80.64},"functions":{"total":2,"covered":2,"skipped":0,"pct":100},"statements":{"total":31,"covered":25,"skipped":0,"pct":80.64},"branches":{"total":14,"covered":11,"skipped":0,"pct":78.57}}
,"/Users/kid/bu-country/browser-sdk/src/core/http.ts": {"lines":{"total":37,"covered":37,"skipped":0,"pct":100},"functions":{"total":3,"covered":3,"skipped":0,"pct":100},"statements":{"total":37,"covered":37,"skipped":0,"pct":100},"branches":{"total":18,"covered":17,"skipped":0,"pct":94.44}}
,"/Users/kid/bu-country/browser-sdk/src/core/retry.ts": {"lines":{"total":51,"covered":46,"skipped":0,"pct":90.19},"functions":{"total":6,"covered":5,"skipped":0,"pct":83.33},"statements":{"total":51,"covered":46,"skipped":0,"pct":90.19},"branches":{"total":31,"covered":25,"skipped":0,"pct":80.64}}
,"/Users/kid/bu-country/browser-sdk/src/core/validation.ts": {"lines":{"total":23,"covered":19,"skipped":0,"pct":82.6},"functions":{"total":4,"covered":4,"skipped":0,"pct":100},"statements":{"total":23,"covered":19,"skipped":0,"pct":82.6},"branches":{"total":10,"covered":8,"skipped":0,"pct":80}}
,"/Users/kid/bu-country/browser-sdk/src/session/session-manager.ts": {"lines":{"total":101,"covered":94,"skipped":0,"pct":93.06},"functions":{"total":9,"covered":9,"skipped":0,"pct":100},"statements":{"total":101,"covered":94,"skipped":0,"pct":93.06},"branches":{"total":40,"covered":32,"skipped":0,"pct":80}}
}
